<?xml version="1.0" encoding="UTF-8"?>
<!-- Generated by org.testng.reporters.JUnitReportReporter -->
<testsuite skipped="0" hostname="HP-PC" name="runner.Run1" tests="1" failures="0" timestamp="2022-12-29T15:08:55 IST" time="0.170" errors="0">
  <testcase name="runScenario" time="0.170" classname="runner.Run1"/>
  <system-out/>
</testsuite> <!-- runner.Run1 -->
